<?xml version="1.0" encoding="UTF-8"?>
<!-- Generated by org.testng.reporters.JUnitXMLReporter -->
<testsuite ignored="0" hostname="LAPTOP-9E87S2RP" failures="0" tests="4" name="Default test" time="10.739" errors="0" timestamp="2021-05-18T23:41:11 CST">
  <testcase classname="unit.UnitTesting" name="delete" time="4.798"/>
  <testcase classname="unit.UnitTesting" name="get" time="1.173"/>
  <testcase classname="unit.UnitTesting" name="post" time="2.869"/>
  <testcase classname="unit.UnitTesting" name="put" time="1.819"/>
</testsuite> <!-- Default test -->
