<?xml version="1.0" encoding="UTF-8"?>
<testng-results ignored="0" total="4" passed="4" failed="0" skipped="0">
  <reporter-output>
  </reporter-output>
  <suite started-at="2021-05-18T23:41:00 CST" name="Default suite" finished-at="2021-05-18T23:41:11 CST" duration-ms="10739">
    <groups>
    </groups>
    <test started-at="2021-05-18T23:41:00 CST" name="Default test" finished-at="2021-05-18T23:41:11 CST" duration-ms="10739">
      <class name="unit.UnitTesting">
        <test-method signature="delete()[pri:0, instance:unit.UnitTesting@29e495ff]" started-at="2021-05-18T23:41:00 CST" name="delete" finished-at="2021-05-18T23:41:05 CST" duration-ms="4798" status="PASS">
          <reporter-output>
          </reporter-output>
        </test-method> <!-- delete -->
        <test-method signature="get()[pri:0, instance:unit.UnitTesting@29e495ff]" started-at="2021-05-18T23:41:05 CST" name="get" finished-at="2021-05-18T23:41:06 CST" duration-ms="1173" status="PASS">
          <reporter-output>
          </reporter-output>
        </test-method> <!-- get -->
        <test-method signature="post()[pri:0, instance:unit.UnitTesting@29e495ff]" started-at="2021-05-18T23:41:06 CST" name="post" finished-at="2021-05-18T23:41:09 CST" duration-ms="2869" status="PASS">
          <reporter-output>
          </reporter-output>
        </test-method> <!-- post -->
        <test-method signature="put()[pri:0, instance:unit.UnitTesting@29e495ff]" started-at="2021-05-18T23:41:09 CST" name="put" finished-at="2021-05-18T23:41:11 CST" duration-ms="1819" status="PASS">
          <reporter-output>
          </reporter-output>
        </test-method> <!-- put -->
      </class> <!-- unit.UnitTesting -->
    </test> <!-- Default test -->
  </suite> <!-- Default suite -->
</testng-results>
